<?xml version="1.0" encoding="UTF-8"?>
<!-- Generated by org.testng.reporters.JUnitReportReporter -->
<testsuite hostname="MSI" failures="0" tests="1" name="testCases.DispatchHousekeepingPage" time="19.538" errors="0" timestamp="2023-06-15T16:20:25 IST" skipped="0">
  <testcase classname="testCases.DispatchHousekeepingPage" name="verifyCheckHousekeepingUnitwithvalidResrvation" time="19.538"/>
</testsuite> <!-- testCases.DispatchHousekeepingPage -->
