<?xml version="1.0" encoding="UTF-8"?>
<!-- Generated by org.testng.reporters.JUnitReportReporter -->
<testsuite hostname="MSI" failures="0" tests="1" name="testCases.ReservationGrid" time="46.194" errors="0" timestamp="2023-06-15T12:16:19 IST" skipped="0">
  <testcase classname="testCases.ReservationGrid" name="validateResrvationGridWithvalidCredentials" time="46.194"/>
</testsuite> <!-- testCases.ReservationGrid -->
